<?xml version="1.0" encoding="UTF-8"?>
<!-- Generated by org.testng.reporters.JUnitReportReporter -->
<testsuite hostname="DESKTOP-O6MSDH7" failures="0" tests="1" name="restAssured.project.GETRequest" time="1.377" errors="0" timestamp="01 Mar 2023 03:43:32 GMT" skipped="0">
  <testcase classname="restAssured.project.GETRequest" name="verifyUser" time="1.377"/>
</testsuite> <!-- restAssured.project.GETRequest -->
