<?xml version="1.0" encoding="UTF-8"?>
<!-- Generated by org.testng.reporters.JUnitReportReporter -->
<testsuite hostname="DESKTOP-O6MSDH7" failures="0" tests="2" name="restAssured.project.POSTRequest" time="1.861" errors="0" timestamp="01 Mar 2023 03:43:47 GMT" skipped="0">
  <testcase classname="restAssured.project.POSTRequest" name="testErrorLogs" time="0.276"/>
  <testcase classname="restAssured.project.POSTRequest" name="verifyResponse" time="1.585"/>
</testsuite> <!-- restAssured.project.POSTRequest -->
